
tests/integration/IT1.1_APIHealthEndpoint/test_api_health_endpoint.py::test_api_health_endpoint PASSED [  3%]
tests/integration/IT1.1_APIHealthEndpoint/test_api_health_endpoint.py::test_api_health_endpoint_legacy_alias_compatibility PASSED [  7%]
tests/integration/IT1.2_APIAuthReject/test_api_auth_reject.py::test_api_auth_reject PASSED [ 10%]
tests/integration/IT1.3_APIAuthAccept/test_api_auth_accept.py::test_api_auth_accept PASSED [ 14%]
tests/integration/IT1.4_APIRBACEnforce/test_api_rbac_enforce.py::test_api_rbac_enforce_remote PASSED [ 17%]
tests/integration/IT1.5_MCPToolCatalogue/test_mcp_tool_catalogue.py::test_mcp_tool_catalogue PASSED [ 21%]
tests/integration/IT1.6_MCPToolExecution/test_mcp_tool_execution.py::test_mcp_tool_execution_remote PASSED [ 25%]
tests/integration/IT1.7_APIFileOpsRefReadonly/test_api_file_ops_ref_readonly.py::test_api_file_ops_ref_readonly PASSED [ 28%]
tests/integration/IT1.8_CorrelationIDPropagation/test_correlation_id_propagation.py::test_correlation_id_propagation PASSED [ 32%]
tests/integration/IT1.10_RemoteBranchPush/test_remote_branch_push.py::test_remote_branch_push PASSED [ 35%]
tests/integration/IT1.9_RemoteCloneAndFetch/test_remote_clone_and_fetch.py::test_remote_clone_and_fetch PASSED [ 39%]
tests/integration/IT1.11_A2AHealthAuthContract/test_it_a2a_health_auth_contract.py::test_a2a_health_auth_contract PASSED [ 42%]
tests/integration/IT1.12_JWTAuthContract/test_it_jwt_auth_contract.py::test_it_jwt_auth_accepts_valid_bearer_token PASSED [ 46%]
tests/integration/IT1.12_JWTAuthContract/test_it_jwt_auth_contract.py::test_it_jwt_auth_rejects_invalid_bearer_token PASSED [ 50%]
tests/integration/IT1.13_ConfigChangeEventBroadcast/test_config_change_event_broadcast.py::test_profile_crud_broadcasts_a2a_config_events PASSED [ 53%]
tests/integration/IT1.14_AdminCrudParity/test_admin_crud_parity.py::test_admin_http_crud_contract PASSED [ 57%]
tests/integration/IT1.14_AdminCrudParity/test_admin_crud_parity.py::test_admin_http_requires_admin_role PASSED [ 60%]
tests/integration/IT1.14_AdminCrudParity/test_admin_crud_parity.py::test_admin_mcp_tool_parity PASSED [ 64%]
tests/integration/IT1.14_AdminCrudParity/test_admin_crud_parity.py::test_tool_http_requires_resolved_reader_role_for_repo_access PASSED [ 67%]
tests/integration/IT1.15_ManagedGitJob/test_managed_git_job.py::test_managed_repo_open_and_diff_job PASSED [ 71%]
tests/integration/IT1.16_RemoteFetchRealRemoteRefs/test_remote_fetch_real_remote_refs.py::test_git_fetch_restores_real_remote_tracking_ref PASSED [ 75%]
tests/integration/IT1.61_SeedDeepFlows/test_seed_deep_flows.py::test_commits_history_real_content PASSED [ 78%]
tests/integration/IT1.61_SeedDeepFlows/test_seed_deep_flows.py::test_diff_hunks_real_content PASSED [ 82%]
tests/integration/IT1.61_SeedDeepFlows/test_seed_deep_flows.py::test_merge_conflict_real_region PASSED [ 85%]
tests/integration/IT1.61_SeedDeepFlows/test_seed_deep_flows.py::test_seed_covers_all_six_waived_gmc PASSED [ 89%]
tests/integration/IT1.61_SeedDeepFlows/test_seed_deep_flows.py::test_source_variants_each_open PASSED [ 92%]
tests/integration/IT1.62_DeepFlowJobs/test_deep_flow_jobs.py::test_j05_async_job_runs_to_completion_with_audit PASSED [ 96%]
tests/integration/IT1.62_DeepFlowJobs/test_deep_flow_jobs.py::test_j05_sync_call_returns_immediately_with_audit PASSED [100%]

======================== 28 passed in 326.56s (0:05:26) ========================
